2017-05-24 16:19:03,609 INFO Launching wild parsing on :testFile.txt
2017-05-24 16:19:03,611 INFO Trying to open file...
2017-05-24 16:19:03,611 INFO Done !
2017-05-24 16:19:03,612 INFO File readed successfully
2017-05-24 16:19:03,613 INFO LIST:
2017-05-24 16:19:03,613 INFO 
2017-05-24 16:19:03,614 INFO test
2017-05-24 16:19:03,615 INFO ,
2017-05-24 16:19:03,615 INFO 54
2017-05-24 16:19:03,616 INFO +
2017-05-24 16:19:03,616 INFO +
2017-05-24 16:19:03,617 INFO 5
2017-05-24 16:19:03,617 INFO  
2017-05-24 16:19:03,618 INFO 4
2017-05-24 16:19:03,618 INFO +
2017-05-24 16:19:03,620 INFO  
2017-05-24 16:19:03,621 INFO +
2017-05-24 16:19:03,621 INFO +
2017-05-24 16:19:03,621 INFO  
2017-05-24 16:19:03,622 INFO +
2017-05-24 16:19:03,622 INFO +
2017-05-24 16:19:03,623 INFO dfgsedrg5445
2017-05-24 16:19:03,623 INFO :
2017-05-24 16:19:03,624 INFO 5ft
2017-05-24 16:19:03,625 INFO !
2017-05-24 16:19:03,625 INFO !
2017-05-24 16:19:03,626 INFO ;
2017-05-24 16:19:03,626 INFO ;
2017-05-24 16:19:03,627 INFO ,
2017-05-24 16:19:03,628 INFO \
